-------------LZW----------------
cmd: bin/compress -v sequence/2 >> log/statistics.log 2>&1
repeat: 1
sequence/2:  -- replaced with sequence/2.Z Compression: 42.62%
Usage time: 0.00019600s
Padding: .06896551724137931034
Overflow: 0
cmd: bin/compress -d sequence/2.Z >> log/statistics.log 2>&1
repeat: 1
Usage time: 0.00024400s
Comparison: (sequence/2.bk, sequence/2) - identical.
-------------ZIP----------------
cmd: zip -D sequence/2.zip sequence/2 >> log/statistics.log 2>&1
repeat: 1
  adding: sequence/2 (deflated 54%)
Usage time: 0.00018800s
Padding: .07112068965517241379
Overflow: 0
cmd: unzip sequence/2.zip >> log/statistics.log 2>&1
repeat: 1
Archive:  sequence/2.zip
  inflating: sequence/2              
Usage time: 0.00024100s
Comparison: (sequence/2.bk, sequence/2) - identical.
-------------gZIP----------------
cmd: gzip -v sequence/2 >> log/statistics.log 2>&1
repeat: 1
sequence/2:	 54.1% -- replaced with sequence/2.gz
Usage time: 0.00021100s
Padding: .23275862068965517241
Overflow: 0
cmd: gzip -d sequence/2.gz >> log/statistics.log 2>&1
repeat: 1
Usage time: 0.00018700s
Comparison: (sequence/2.bk, sequence/2) - identical.
-------------bZ----------------
cmd: bzip2 -v sequence/2 >> log/statistics.log 2>&1
repeat: 1
  sequence/2:  1.731:1,  4.622 bits/byte, 42.23% saved, 1506 in, 870 out.
Usage time: 0.00020100s
Padding: .06250000000000000000
Overflow: 0
cmd: bzip2 -d sequence/2.bz2 >> log/statistics.log 2>&1
repeat: 1
Usage time: 0.00023400s
Comparison: (sequence/2.bk, sequence/2) - identical.
